  [1m[36m (4.4ms)[0m  [1mCREATE TABLE "schema_migrations" ("version" varchar NOT NULL) [0m
  [1m[35m (0.1ms)[0m  select sqlite_version(*)
  [1m[36m (0.8ms)[0m  [1mCREATE UNIQUE INDEX "unique_schema_migrations" ON "schema_migrations" ("version")[0m
  [1m[35mActiveRecord::SchemaMigration Load (0.1ms)[0m  SELECT "schema_migrations".* FROM "schema_migrations"
Migrating to CreateProjectRoles (20170906133914)
  [1m[36m (0.1ms)[0m  [1mbegin transaction[0m
  [1m[35m (0.2ms)[0m  rollback transaction
  [1m[36mActiveRecord::SchemaMigration Load (0.2ms)[0m  [1mSELECT "schema_migrations".* FROM "schema_migrations"[0m
Migrating to CreateProjectRoles (20170906133914)
  [1m[35m (0.1ms)[0m  begin transaction
  [1m[36m (0.1ms)[0m  [1mrollback transaction[0m
  [1m[36m (2.8ms)[0m  [1mCREATE TABLE "schema_migrations" ("version" varchar NOT NULL) [0m
  [1m[35m (0.3ms)[0m  select sqlite_version(*)
  [1m[36m (0.8ms)[0m  [1mCREATE UNIQUE INDEX "unique_schema_migrations" ON "schema_migrations" ("version")[0m
  [1m[35mActiveRecord::SchemaMigration Load (0.1ms)[0m  SELECT "schema_migrations".* FROM "schema_migrations"
Migrating to CreateProjectRoles (20170906133914)
  [1m[36m (0.1ms)[0m  [1mbegin transaction[0m
  [1m[35m (0.1ms)[0m  rollback transaction
  [1m[36mActiveRecord::SchemaMigration Load (0.1ms)[0m  [1mSELECT "schema_migrations".* FROM "schema_migrations"[0m
Migrating to CreateProjectRoles (20170906133914)
  [1m[35m (0.1ms)[0m  begin transaction
  [1m[36m (0.1ms)[0m  [1mrollback transaction[0m
  [1m[36mActiveRecord::SchemaMigration Load (0.3ms)[0m  [1mSELECT "schema_migrations".* FROM "schema_migrations"[0m
Migrating to CreateProjectRoles (20170906133914)
  [1m[35m (0.1ms)[0m  begin transaction
  [1m[36m (0.1ms)[0m  [1mrollback transaction[0m
  [1m[36mActiveRecord::SchemaMigration Load (0.1ms)[0m  [1mSELECT "schema_migrations".* FROM "schema_migrations"[0m
Migrating to CreateProjectRoles (20170906133914)
  [1m[35m (0.0ms)[0m  begin transaction
  [1m[36m (0.4ms)[0m  [1mCREATE TABLE "project_roles" ("id" INTEGER PRIMARY KEY AUTOINCREMENT NOT NULL, "project_id" integer, "role_id" integer, "user_id" integer, "invite_num" integer, "created_at" datetime NOT NULL, "updated_at" datetime NOT NULL) [0m
  [1m[35mSQL (0.2ms)[0m  INSERT INTO "schema_migrations" ("version") VALUES (?)  [["version", "20170906133914"]]
  [1m[36m (1.5ms)[0m  [1mcommit transaction[0m
Migrating to CreateProjects (20170906140551)
  [1m[35m (0.0ms)[0m  begin transaction
  [1m[36m (0.3ms)[0m  [1mCREATE TABLE "projects" ("id" INTEGER PRIMARY KEY AUTOINCREMENT NOT NULL, "owner_id" integer, "proj_description" varchar, "genre" varchar, "title" varchar, "start_date" date, "end_date" date, "category" varchar, "status" varchar DEFAULT 'active', "preview_level" varchar DEFAULT 'hidden', "created_at" datetime NOT NULL, "updated_at" datetime NOT NULL) [0m
  [1m[35mSQL (0.1ms)[0m  INSERT INTO "schema_migrations" ("version") VALUES (?)  [["version", "20170906140551"]]
  [1m[36m (0.4ms)[0m  [1mcommit transaction[0m
Migrating to CreateRoles (20170908062913)
  [1m[35m (0.0ms)[0m  begin transaction
  [1m[36m (0.2ms)[0m  [1mCREATE TABLE "roles" ("id" INTEGER PRIMARY KEY AUTOINCREMENT NOT NULL, "Name" varchar, "Active" boolean, "created_at" datetime NOT NULL, "updated_at" datetime NOT NULL) [0m
  [1m[35mSQL (0.1ms)[0m  INSERT INTO "schema_migrations" ("version") VALUES (?)  [["version", "20170908062913"]]
  [1m[36m (0.5ms)[0m  [1mcommit transaction[0m
  [1m[35mActiveRecord::SchemaMigration Load (0.1ms)[0m  SELECT "schema_migrations".* FROM "schema_migrations"
  [1m[36m (0.8ms)[0m  [1mCREATE TABLE "schema_migrations" ("version" varchar NOT NULL) [0m
  [1m[35m (0.0ms)[0m  select sqlite_version(*)
  [1m[36m (0.6ms)[0m  [1mCREATE UNIQUE INDEX "unique_schema_migrations" ON "schema_migrations" ("version")[0m
  [1m[35mActiveRecord::SchemaMigration Load (0.1ms)[0m  SELECT "schema_migrations".* FROM "schema_migrations"
Migrating to CreateProjectRoles (20170906133914)
  [1m[36m (0.0ms)[0m  [1mbegin transaction[0m
  [1m[35m (0.3ms)[0m  CREATE TABLE "project_roles" ("id" INTEGER PRIMARY KEY AUTOINCREMENT NOT NULL, "project_id" integer, "role_id" integer, "user_id" integer, "invite_num" integer) 
  [1m[36mSQL (0.1ms)[0m  [1mINSERT INTO "schema_migrations" ("version") VALUES (?)[0m  [["version", "20170906133914"]]
  [1m[35m (0.5ms)[0m  commit transaction
Migrating to CreateProjects (20170906140551)
  [1m[36m (0.0ms)[0m  [1mbegin transaction[0m
  [1m[35m (0.2ms)[0m  CREATE TABLE "projects" ("id" INTEGER PRIMARY KEY AUTOINCREMENT NOT NULL, "owner_id" integer, "proj_description" varchar, "genre" varchar, "title" varchar, "start_date" date, "end_date" date, "category" varchar, "status" varchar DEFAULT 'active', "preview_level" varchar DEFAULT 'hidden') 
  [1m[36mSQL (0.1ms)[0m  [1mINSERT INTO "schema_migrations" ("version") VALUES (?)[0m  [["version", "20170906140551"]]
  [1m[35m (0.4ms)[0m  commit transaction
Migrating to CreateRoles (20170908062913)
  [1m[36m (0.0ms)[0m  [1mbegin transaction[0m
  [1m[35m (0.2ms)[0m  CREATE TABLE "roles" ("id" INTEGER PRIMARY KEY AUTOINCREMENT NOT NULL, "name" varchar, "active" boolean) 
  [1m[36mSQL (0.1ms)[0m  [1mINSERT INTO "schema_migrations" ("version") VALUES (?)[0m  [["version", "20170908062913"]]
  [1m[35m (0.5ms)[0m  commit transaction
  [1m[36mActiveRecord::SchemaMigration Load (0.1ms)[0m  [1mSELECT "schema_migrations".* FROM "schema_migrations"[0m
  [1m[36m (0.1ms)[0m  [1mbegin transaction[0m
  [1m[35mRole Exists (0.2ms)[0m  SELECT  1 AS one FROM "roles" WHERE LOWER("roles"."name") = LOWER('Editor') LIMIT 1
  [1m[36mSQL (0.4ms)[0m  [1mINSERT INTO "roles" ("name", "active") VALUES (?, ?)[0m  [["name", "Editor"], ["active", "t"]]
  [1m[35m (0.5ms)[0m  commit transaction
  [1m[36m (0.0ms)[0m  [1mbegin transaction[0m
  [1m[35mRole Exists (0.1ms)[0m  SELECT  1 AS one FROM "roles" WHERE LOWER("roles"."name") = LOWER('Writer') LIMIT 1
  [1m[36mSQL (0.2ms)[0m  [1mINSERT INTO "roles" ("name", "active") VALUES (?, ?)[0m  [["name", "Writer"], ["active", "t"]]
  [1m[35m (0.4ms)[0m  commit transaction
  [1m[36m (0.0ms)[0m  [1mbegin transaction[0m
  [1m[35mRole Exists (0.1ms)[0m  SELECT  1 AS one FROM "roles" WHERE LOWER("roles"."name") = LOWER('Artist') LIMIT 1
  [1m[36m (0.1ms)[0m  [1mrollback transaction[0m
  [1m[36m (2.5ms)[0m  [1mCREATE TABLE "schema_migrations" ("version" varchar NOT NULL) [0m
  [1m[35m (0.1ms)[0m  select sqlite_version(*)
  [1m[36m (0.7ms)[0m  [1mCREATE UNIQUE INDEX "unique_schema_migrations" ON "schema_migrations" ("version")[0m
  [1m[35mActiveRecord::SchemaMigration Load (0.1ms)[0m  SELECT "schema_migrations".* FROM "schema_migrations"
Migrating to CreateProjectRoles (20170906133914)
  [1m[36m (0.0ms)[0m  [1mbegin transaction[0m
  [1m[35m (0.3ms)[0m  CREATE TABLE "project_roles" ("id" INTEGER PRIMARY KEY AUTOINCREMENT NOT NULL, "project_id" integer, "role_id" integer, "user_id" integer, "invite_num" integer) 
  [1m[36mSQL (0.1ms)[0m  [1mINSERT INTO "schema_migrations" ("version") VALUES (?)[0m  [["version", "20170906133914"]]
  [1m[35m (0.6ms)[0m  commit transaction
Migrating to CreateProjects (20170906140551)
  [1m[36m (0.1ms)[0m  [1mbegin transaction[0m
  [1m[35m (0.3ms)[0m  CREATE TABLE "projects" ("id" INTEGER PRIMARY KEY AUTOINCREMENT NOT NULL, "owner_id" integer, "proj_description" varchar, "genre" varchar, "title" varchar, "start_date" date, "end_date" date, "category" varchar, "status" varchar DEFAULT 'active', "preview_level" varchar DEFAULT 'hidden') 
  [1m[36mSQL (0.1ms)[0m  [1mINSERT INTO "schema_migrations" ("version") VALUES (?)[0m  [["version", "20170906140551"]]
  [1m[35m (0.5ms)[0m  commit transaction
Migrating to CreateRoles (20170908062913)
  [1m[36m (0.0ms)[0m  [1mbegin transaction[0m
  [1m[35m (0.3ms)[0m  CREATE TABLE "roles" ("id" INTEGER PRIMARY KEY AUTOINCREMENT NOT NULL, "name" varchar, "active" boolean DEFAULT 't') 
  [1m[36mSQL (0.1ms)[0m  [1mINSERT INTO "schema_migrations" ("version") VALUES (?)[0m  [["version", "20170908062913"]]
  [1m[35m (0.4ms)[0m  commit transaction
  [1m[36mActiveRecord::SchemaMigration Load (0.1ms)[0m  [1mSELECT "schema_migrations".* FROM "schema_migrations"[0m
  [1m[36m (0.1ms)[0m  [1mbegin transaction[0m
  [1m[35mRole Exists (0.1ms)[0m  SELECT  1 AS one FROM "roles" WHERE LOWER("roles"."name") = LOWER('Editor') LIMIT 1
  [1m[36mSQL (0.3ms)[0m  [1mINSERT INTO "roles" ("name") VALUES (?)[0m  [["name", "Editor"]]
  [1m[35m (2.1ms)[0m  commit transaction
  [1m[36m (0.0ms)[0m  [1mbegin transaction[0m
  [1m[35mRole Exists (0.1ms)[0m  SELECT  1 AS one FROM "roles" WHERE LOWER("roles"."name") = LOWER('Writer') LIMIT 1
  [1m[36mSQL (0.2ms)[0m  [1mINSERT INTO "roles" ("name") VALUES (?)[0m  [["name", "Writer"]]
  [1m[35m (0.5ms)[0m  commit transaction
  [1m[36m (0.1ms)[0m  [1mbegin transaction[0m
  [1m[35mRole Exists (0.3ms)[0m  SELECT  1 AS one FROM "roles" WHERE LOWER("roles"."name") = LOWER('Artist') LIMIT 1
  [1m[36m (0.1ms)[0m  [1mrollback transaction[0m
  [1m[35m (0.3ms)[0m  begin transaction
  [1m[36mRole Exists (0.2ms)[0m  [1mSELECT  1 AS one FROM "roles" WHERE LOWER("roles"."name") = LOWER('Editor') LIMIT 1[0m
  [1m[35m (0.1ms)[0m  rollback transaction
  [1m[36mSQL (2.7ms)[0m  [1mDELETE FROM "roles"[0m
  [1m[35m (0.1ms)[0m  begin transaction
  [1m[36mRole Exists (0.2ms)[0m  [1mSELECT  1 AS one FROM "roles" WHERE LOWER("roles"."name") = LOWER('Editor') LIMIT 1[0m
  [1m[35mSQL (0.4ms)[0m  INSERT INTO "roles" ("name") VALUES (?)  [["name", "Editor"]]
  [1m[36m (2.3ms)[0m  [1mcommit transaction[0m
  [1m[35m (0.1ms)[0m  begin transaction
  [1m[36mRole Exists (0.1ms)[0m  [1mSELECT  1 AS one FROM "roles" WHERE LOWER("roles"."name") = LOWER('Writer') LIMIT 1[0m
  [1m[35mSQL (0.2ms)[0m  INSERT INTO "roles" ("name") VALUES (?)  [["name", "Writer"]]
  [1m[36m (0.3ms)[0m  [1mcommit transaction[0m
  [1m[35m (0.0ms)[0m  begin transaction
  [1m[36mRole Exists (0.1ms)[0m  [1mSELECT  1 AS one FROM "roles" WHERE LOWER("roles"."name") = LOWER('Artist') LIMIT 1[0m
  [1m[35m (0.0ms)[0m  rollback transaction
  [1m[36mSQL (4.4ms)[0m  [1mDELETE FROM "roles"[0m
  [1m[35m (0.5ms)[0m  begin transaction
  [1m[36mRole Exists (0.2ms)[0m  [1mSELECT  1 AS one FROM "roles" WHERE LOWER("roles"."name") = LOWER('Editor') LIMIT 1[0m
  [1m[35mSQL (0.5ms)[0m  INSERT INTO "roles" ("name") VALUES (?)  [["name", "Editor"]]
  [1m[36m (2.2ms)[0m  [1mcommit transaction[0m
  [1m[35m (0.0ms)[0m  begin transaction
  [1m[36mRole Exists (0.1ms)[0m  [1mSELECT  1 AS one FROM "roles" WHERE LOWER("roles"."name") = LOWER('Writer') LIMIT 1[0m
  [1m[35mSQL (0.2ms)[0m  INSERT INTO "roles" ("name") VALUES (?)  [["name", "Writer"]]
  [1m[36m (0.3ms)[0m  [1mcommit transaction[0m
  [1m[35m (0.1ms)[0m  begin transaction
  [1m[36mRole Exists (0.1ms)[0m  [1mSELECT  1 AS one FROM "roles" WHERE LOWER("roles"."name") = LOWER('Artist') LIMIT 1[0m
  [1m[35m (0.1ms)[0m  rollback transaction
  [1m[36m (0.1ms)[0m  [1mbegin transaction[0m
  [1m[35mRole Exists (0.1ms)[0m  SELECT  1 AS one FROM "roles" WHERE LOWER("roles"."name") = LOWER('Editor') LIMIT 1
  [1m[36m (0.1ms)[0m  [1mrollback transaction[0m
  [1m[35mSQL (2.8ms)[0m  DELETE FROM "roles"
  [1m[36m (0.1ms)[0m  [1mbegin transaction[0m
  [1m[35mRole Exists (0.2ms)[0m  SELECT  1 AS one FROM "roles" WHERE LOWER("roles"."name") = LOWER('Editor') LIMIT 1
  [1m[36mSQL (0.5ms)[0m  [1mINSERT INTO "roles" ("name") VALUES (?)[0m  [["name", "Editor"]]
  [1m[35m (2.2ms)[0m  commit transaction
  [1m[36m (0.0ms)[0m  [1mbegin transaction[0m
  [1m[35mRole Exists (0.2ms)[0m  SELECT  1 AS one FROM "roles" WHERE LOWER("roles"."name") = LOWER('Writer') LIMIT 1
  [1m[36mSQL (0.2ms)[0m  [1mINSERT INTO "roles" ("name") VALUES (?)[0m  [["name", "Writer"]]
  [1m[35m (0.3ms)[0m  commit transaction
  [1m[36m (0.0ms)[0m  [1mbegin transaction[0m
  [1m[35mRole Exists (0.1ms)[0m  SELECT  1 AS one FROM "roles" WHERE LOWER("roles"."name") = LOWER('Artist') LIMIT 1
  [1m[36mSQL (0.2ms)[0m  [1mINSERT INTO "roles" ("name", "active") VALUES (?, ?)[0m  [["name", "Artist"], ["active", "f"]]
  [1m[35m (0.3ms)[0m  commit transaction
  [1m[36m (0.0ms)[0m  [1mbegin transaction[0m
  [1m[35mProject Exists (0.1ms)[0m  SELECT  1 AS one FROM "projects" WHERE "projects"."title" = 'Eon' LIMIT 1
  [1m[36m (0.0ms)[0m  [1mrollback transaction[0m
  [1m[35m (0.3ms)[0m  begin transaction
  [1m[36mProject Exists (0.1ms)[0m  [1mSELECT  1 AS one FROM "projects" WHERE "projects"."title" = 'Eon' LIMIT 1[0m
  [1m[35m (0.1ms)[0m  rollback transaction
  [1m[36m (0.1ms)[0m  [1mbegin transaction[0m
  [1m[35mProject Exists (0.1ms)[0m  SELECT  1 AS one FROM "projects" WHERE "projects"."title" = 'Eon' LIMIT 1
  [1m[36m (0.1ms)[0m  [1mrollback transaction[0m
  [1m[35m (0.0ms)[0m  begin transaction
  [1m[36mRole Load (0.2ms)[0m  [1mSELECT  "roles".* FROM "roles" WHERE "roles"."id" = ? LIMIT 1[0m  [["id", 1]]
  [1m[35m (0.0ms)[0m  rollback transaction
  [1m[36m (0.1ms)[0m  [1mbegin transaction[0m
  [1m[35mRole Load (0.1ms)[0m  SELECT  "roles".* FROM "roles" WHERE "roles"."id" = ? LIMIT 1  [["id", 1]]
  [1m[36m (0.1ms)[0m  [1mrollback transaction[0m
